build/app/intermediates/manifest_merge_blame_file/debug/manifest-merger-blame-debug-report.txt
1<?xml version="1.0" encoding="utf-8"?>
2<manifest xmlns:android="http://schemas.android.com/apk/res/android"
3    package="com.example.huda_clinic_mobile"
4    android:versionCode="1"
5    android:versionName="1.0.0" >
6
7    <uses-sdk
8        android:minSdkVersion="19"
9        android:targetSdkVersion="33" />
10    <!--
11         The INTERNET permission is required for development. Specifically,
12         the Flutter tool needs it to communicate with the running application
13         to allow setting breakpoints, to provide hot reload, etc.
14    -->
15    <uses-permission android:name="android.permission.INTERNET" />
15-->src/debug/AndroidManifest.xml:7:5-66
15-->src/debug/AndroidManifest.xml:7:22-64
16
17    <queries>
17-->[:flutter_inappwebview] AndroidManifest.xml:9:5-13:15
18        <intent>
18-->[:flutter_inappwebview] AndroidManifest.xml:10:9-12:18
19            <action android:name="android.support.customtabs.action.CustomTabsService" />
19-->[:flutter_inappwebview] AndroidManifest.xml:11:13-90
19-->[:flutter_inappwebview] AndroidManifest.xml:11:21-87
20        </intent>
21    </queries>
22
23    <uses-permission android:name="android.permission.CALL_PHONE" />
23-->[:flutter_phone_direct_caller] AndroidManifest.xml:9:5-69
23-->[:flutter_phone_direct_caller] AndroidManifest.xml:9:22-66
24
25    <uses-feature
25-->[:flutter_phone_direct_caller] AndroidManifest.xml:11:5-13:36
26        android:name="android.hardware.telephony"
26-->[:flutter_phone_direct_caller] AndroidManifest.xml:12:9-50
27        android:required="false" />
27-->[:flutter_phone_direct_caller] AndroidManifest.xml:13:9-33
28
29    <uses-permission android:name="android.permission.ACCESS_NETWORK_STATE" />
29-->[com.google.firebase:firebase-auth:21.1.0] AndroidManifest.xml:24:5-79
29-->[com.google.firebase:firebase-auth:21.1.0] AndroidManifest.xml:24:22-76
30
31    <permission
31-->[androidx.core:core:1.9.0] AndroidManifest.xml:22:5-24:47
32        android:name="com.example.huda_clinic_mobile.DYNAMIC_RECEIVER_NOT_EXPORTED_PERMISSION"
32-->[androidx.core:core:1.9.0] AndroidManifest.xml:23:9-81
33        android:protectionLevel="signature" />
33-->[androidx.core:core:1.9.0] AndroidManifest.xml:24:9-44
34
35    <uses-permission android:name="com.example.huda_clinic_mobile.DYNAMIC_RECEIVER_NOT_EXPORTED_PERMISSION" />
35-->[androidx.core:core:1.9.0] AndroidManifest.xml:26:5-97
35-->[androidx.core:core:1.9.0] AndroidManifest.xml:26:22-94
36
37    <application
38        android:name="android.app.Application"
39        android:appComponentFactory="androidx.core.app.CoreComponentFactory"
39-->[androidx.core:core:1.9.0] AndroidManifest.xml:28:18-86
40        android:debuggable="true"
41        android:icon="@mipmap/ic_launcher"
42        android:label="huda_clinic_mobile" >
43        <activity
44            android:name="com.example.huda_clinic_mobile.MainActivity"
45            android:configChanges="orientation|keyboardHidden|keyboard|screenSize|smallestScreenSize|locale|layoutDirection|fontScale|screenLayout|density|uiMode"
46            android:exported="true"
47            android:hardwareAccelerated="true"
48            android:launchMode="singleTop"
49            android:theme="@style/LaunchTheme"
50            android:windowSoftInputMode="adjustResize" >
51
52            <!--
53                 Specifies an Android theme to apply to this Activity as soon as
54                 the Android process has started. This theme is visible to the user
55                 while the Flutter UI initializes. After that, this theme continues
56                 to determine the Window background behind the Flutter UI.
57            -->
58            <meta-data
59                android:name="io.flutter.embedding.android.NormalTheme"
60                android:resource="@style/NormalTheme" />
61
62            <intent-filter>
63                <action android:name="android.intent.action.MAIN" />
64
65                <category android:name="android.intent.category.LAUNCHER" />
66            </intent-filter>
67
68            <meta-data
69                android:name="flutter_deeplinking_enabled"
70                android:value="true" />
71
72            <intent-filter android:autoVerify="true" >
73                <action android:name="android.intent.action.VIEW" />
73-->[com.google.firebase:firebase-auth:21.1.0] AndroidManifest.xml:34:17-69
73-->[com.google.firebase:firebase-auth:21.1.0] AndroidManifest.xml:34:25-66
74
75                <category android:name="android.intent.category.DEFAULT" />
75-->[com.google.firebase:firebase-auth:21.1.0] AndroidManifest.xml:36:17-76
75-->[com.google.firebase:firebase-auth:21.1.0] AndroidManifest.xml:36:27-73
76                <category android:name="android.intent.category.BROWSABLE" />
76-->[com.google.firebase:firebase-auth:21.1.0] AndroidManifest.xml:37:17-78
76-->[com.google.firebase:firebase-auth:21.1.0] AndroidManifest.xml:37:27-75
77
78                <data
78-->[com.google.firebase:firebase-auth:21.1.0] AndroidManifest.xml:39:17-42:51
79                    android:host="lukejavier.github.io"
79-->[com.google.firebase:firebase-auth:21.1.0] AndroidManifest.xml:40:21-49
80                    android:scheme="http" />
80-->[com.google.firebase:firebase-auth:21.1.0] AndroidManifest.xml:42:21-48
81                <data android:scheme="https" />
81-->[com.google.firebase:firebase-auth:21.1.0] AndroidManifest.xml:39:17-42:51
81-->[com.google.firebase:firebase-auth:21.1.0] AndroidManifest.xml:42:21-48
82            </intent-filter>
83        </activity>
84        <!--
85             Don't delete the meta-data below.
86             This is used by the Flutter tool to generate GeneratedPluginRegistrant.java
87        -->
88        <meta-data
89            android:name="flutterEmbedding"
90            android:value="2" />
91
92        <service
92-->[:firebase_database] AndroidManifest.xml:10:9-14:19
93            android:name="com.google.firebase.components.ComponentDiscoveryService"
93-->[:firebase_database] AndroidManifest.xml:10:18-89
94            android:directBootAware="true"
94-->[com.google.firebase:firebase-common:20.3.0] AndroidManifest.xml:34:13-43
95            android:exported="false" >
95-->[com.google.firebase:firebase-auth:21.1.0] AndroidManifest.xml:66:13-37
96            <meta-data
96-->[:firebase_database] AndroidManifest.xml:11:13-13:85
97                android:name="com.google.firebase.components:io.flutter.plugins.firebase.database.FlutterFirebaseAppRegistrar"
97-->[:firebase_database] AndroidManifest.xml:12:17-127
98                android:value="com.google.firebase.components.ComponentRegistrar" />
98-->[:firebase_database] AndroidManifest.xml:13:17-82
99            <meta-data
99-->[:cloud_firestore] AndroidManifest.xml:11:13-13:85
100                android:name="com.google.firebase.components:io.flutter.plugins.firebase.firestore.FlutterFirebaseFirestoreRegistrar"
100-->[:cloud_firestore] AndroidManifest.xml:12:17-134
101                android:value="com.google.firebase.components.ComponentRegistrar" />
101-->[:cloud_firestore] AndroidManifest.xml:13:17-82
102            <meta-data
102-->[:firebase_auth] AndroidManifest.xml:11:13-13:85
103                android:name="com.google.firebase.components:io.flutter.plugins.firebase.auth.FlutterFirebaseAuthRegistrar"
103-->[:firebase_auth] AndroidManifest.xml:12:17-124
104                android:value="com.google.firebase.components.ComponentRegistrar" />
104-->[:firebase_auth] AndroidManifest.xml:13:17-82
105            <meta-data
105-->[:firebase_core] AndroidManifest.xml:11:13-13:85
106                android:name="com.google.firebase.components:io.flutter.plugins.firebase.core.FlutterFirebaseCoreRegistrar"
106-->[:firebase_core] AndroidManifest.xml:12:17-124
107                android:value="com.google.firebase.components.ComponentRegistrar" />
107-->[:firebase_core] AndroidManifest.xml:13:17-82
108            <meta-data
108-->[com.google.firebase:firebase-auth:21.1.0] AndroidManifest.xml:67:13-69:85
109                android:name="com.google.firebase.components:com.google.firebase.auth.FirebaseAuthRegistrar"
109-->[com.google.firebase:firebase-auth:21.1.0] AndroidManifest.xml:68:17-109
110                android:value="com.google.firebase.components.ComponentRegistrar" />
110-->[com.google.firebase:firebase-auth:21.1.0] AndroidManifest.xml:69:17-82
111            <meta-data
111-->[com.google.firebase:firebase-firestore:24.4.3] AndroidManifest.xml:19:13-21:85
112                android:name="com.google.firebase.components:com.google.firebase.firestore.FirestoreRegistrar"
112-->[com.google.firebase:firebase-firestore:24.4.3] AndroidManifest.xml:20:17-111
113                android:value="com.google.firebase.components.ComponentRegistrar" />
113-->[com.google.firebase:firebase-firestore:24.4.3] AndroidManifest.xml:21:17-82
114            <meta-data
114-->[com.google.firebase:firebase-database:20.1.0] AndroidManifest.xml:31:13-33:85
115                android:name="com.google.firebase.components:com.google.firebase.database.DatabaseRegistrar"
115-->[com.google.firebase:firebase-database:20.1.0] AndroidManifest.xml:32:17-109
116                android:value="com.google.firebase.components.ComponentRegistrar" />
116-->[com.google.firebase:firebase-database:20.1.0] AndroidManifest.xml:33:17-82
117        </service>
118
119        <provider
119-->[:flutter_email_sender] AndroidManifest.xml:10:9-18:20
120            android:name="com.sidlatau.flutteremailsender.FlutterEmailSenderFileProvider"
120-->[:flutter_email_sender] AndroidManifest.xml:11:13-90
121            android:authorities="com.example.huda_clinic_mobile.file_provider"
121-->[:flutter_email_sender] AndroidManifest.xml:12:13-65
122            android:exported="false"
122-->[:flutter_email_sender] AndroidManifest.xml:13:13-37
123            android:grantUriPermissions="true" >
123-->[:flutter_email_sender] AndroidManifest.xml:14:13-47
124            <meta-data
124-->[:flutter_email_sender] AndroidManifest.xml:15:13-17:61
125                android:name="android.support.FILE_PROVIDER_PATHS"
125-->[:flutter_email_sender] AndroidManifest.xml:16:17-67
126                android:resource="@xml/shared_file_paths" />
126-->[:flutter_email_sender] AndroidManifest.xml:17:17-58
127        </provider>
128        <provider
128-->[:image_picker_android] AndroidManifest.xml:10:9-18:20
129            android:name="io.flutter.plugins.imagepicker.ImagePickerFileProvider"
129-->[:image_picker_android] AndroidManifest.xml:11:13-82
130            android:authorities="com.example.huda_clinic_mobile.flutter.image_provider"
130-->[:image_picker_android] AndroidManifest.xml:12:13-74
131            android:exported="false"
131-->[:image_picker_android] AndroidManifest.xml:13:13-37
132            android:grantUriPermissions="true" >
132-->[:image_picker_android] AndroidManifest.xml:14:13-47
133            <meta-data
133-->[:flutter_email_sender] AndroidManifest.xml:15:13-17:61
134                android:name="android.support.FILE_PROVIDER_PATHS"
134-->[:flutter_email_sender] AndroidManifest.xml:16:17-67
135                android:resource="@xml/flutter_image_picker_file_paths" />
135-->[:flutter_email_sender] AndroidManifest.xml:17:17-58
136        </provider>
137
138        <activity
138-->[:url_launcher_android] AndroidManifest.xml:10:9-13:74
139            android:name="io.flutter.plugins.urllauncher.WebViewActivity"
139-->[:url_launcher_android] AndroidManifest.xml:11:13-74
140            android:exported="false"
140-->[:url_launcher_android] AndroidManifest.xml:12:13-37
141            android:theme="@android:style/Theme.NoTitleBar.Fullscreen" />
141-->[:url_launcher_android] AndroidManifest.xml:13:13-71
142        <activity
142-->[:flutter_inappwebview] AndroidManifest.xml:16:9-20:47
143            android:name="com.pichillilorenzo.flutter_inappwebview.in_app_browser.InAppBrowserActivity"
143-->[:flutter_inappwebview] AndroidManifest.xml:17:13-104
144            android:configChanges="orientation|keyboardHidden|keyboard|screenSize|locale|layoutDirection|fontScale|screenLayout|density"
144-->[:flutter_inappwebview] AndroidManifest.xml:18:13-137
145            android:exported="false"
145-->[:flutter_inappwebview] AndroidManifest.xml:19:13-37
146            android:theme="@style/AppTheme" />
146-->[:flutter_inappwebview] AndroidManifest.xml:20:13-44
147        <activity
147-->[:flutter_inappwebview] AndroidManifest.xml:21:9-24:55
148            android:name="com.pichillilorenzo.flutter_inappwebview.chrome_custom_tabs.ChromeCustomTabsActivity"
148-->[:flutter_inappwebview] AndroidManifest.xml:22:13-112
149            android:exported="false"
149-->[:flutter_inappwebview] AndroidManifest.xml:23:13-37
150            android:theme="@style/ThemeTransparent" />
150-->[:flutter_inappwebview] AndroidManifest.xml:24:13-52
151        <activity
151-->[:flutter_inappwebview] AndroidManifest.xml:25:9-28:55
152            android:name="com.pichillilorenzo.flutter_inappwebview.chrome_custom_tabs.TrustedWebActivity"
152-->[:flutter_inappwebview] AndroidManifest.xml:26:13-106
153            android:exported="false"
153-->[:flutter_inappwebview] AndroidManifest.xml:27:13-37
154            android:theme="@style/ThemeTransparent" />
154-->[:flutter_inappwebview] AndroidManifest.xml:28:13-52
155        <activity
155-->[:flutter_inappwebview] AndroidManifest.xml:29:9-33:55
156            android:name="com.pichillilorenzo.flutter_inappwebview.chrome_custom_tabs.ChromeCustomTabsActivitySingleInstance"
156-->[:flutter_inappwebview] AndroidManifest.xml:30:13-126
157            android:exported="false"
157-->[:flutter_inappwebview] AndroidManifest.xml:31:13-37
158            android:launchMode="singleInstance"
158-->[:flutter_inappwebview] AndroidManifest.xml:32:13-48
159            android:theme="@style/ThemeTransparent" />
159-->[:flutter_inappwebview] AndroidManifest.xml:33:13-52
160        <activity
160-->[:flutter_inappwebview] AndroidManifest.xml:34:9-38:55
161            android:name="com.pichillilorenzo.flutter_inappwebview.chrome_custom_tabs.TrustedWebActivitySingleInstance"
161-->[:flutter_inappwebview] AndroidManifest.xml:35:13-120
162            android:exported="false"
162-->[:flutter_inappwebview] AndroidManifest.xml:36:13-37
163            android:launchMode="singleInstance"
163-->[:flutter_inappwebview] AndroidManifest.xml:37:13-48
164            android:theme="@style/ThemeTransparent" />
164-->[:flutter_inappwebview] AndroidManifest.xml:38:13-52
165
166        <receiver
166-->[:flutter_inappwebview] AndroidManifest.xml:40:9-43:40
167            android:name="com.pichillilorenzo.flutter_inappwebview.chrome_custom_tabs.ActionBroadcastReceiver"
167-->[:flutter_inappwebview] AndroidManifest.xml:41:13-111
168            android:enabled="true"
168-->[:flutter_inappwebview] AndroidManifest.xml:42:13-35
169            android:exported="false" />
169-->[:flutter_inappwebview] AndroidManifest.xml:43:13-37
170
171        <meta-data
171-->[:flutter_inappwebview] AndroidManifest.xml:45:9-47:36
172            android:name="io.flutter.embedded_views_preview"
172-->[:flutter_inappwebview] AndroidManifest.xml:46:13-61
173            android:value="true" />
173-->[:flutter_inappwebview] AndroidManifest.xml:47:13-33
174
175        <provider
175-->[:share_plus] AndroidManifest.xml:10:9-18:20
176            android:name="dev.fluttercommunity.plus.share.ShareFileProvider"
176-->[:share_plus] AndroidManifest.xml:11:13-77
177            android:authorities="com.example.huda_clinic_mobile.flutter.share_provider"
177-->[:share_plus] AndroidManifest.xml:12:13-74
178            android:exported="false"
178-->[:share_plus] AndroidManifest.xml:13:13-37
179            android:grantUriPermissions="true" >
179-->[:share_plus] AndroidManifest.xml:14:13-47
180            <meta-data
180-->[:flutter_email_sender] AndroidManifest.xml:15:13-17:61
181                android:name="android.support.FILE_PROVIDER_PATHS"
181-->[:flutter_email_sender] AndroidManifest.xml:16:17-67
182                android:resource="@xml/flutter_share_file_paths" />
182-->[:flutter_email_sender] AndroidManifest.xml:17:17-58
183        </provider>
184
185        <activity
185-->[com.google.firebase:firebase-auth:21.1.0] AndroidManifest.xml:27:9-44:20
186            android:name="com.google.firebase.auth.internal.GenericIdpActivity"
186-->[com.google.firebase:firebase-auth:21.1.0] AndroidManifest.xml:28:13-80
187            android:excludeFromRecents="true"
187-->[com.google.firebase:firebase-auth:21.1.0] AndroidManifest.xml:29:13-46
188            android:exported="true"
188-->[com.google.firebase:firebase-auth:21.1.0] AndroidManifest.xml:30:13-36
189            android:launchMode="singleTask"
189-->[com.google.firebase:firebase-auth:21.1.0] AndroidManifest.xml:31:13-44
190            android:theme="@android:style/Theme.Translucent.NoTitleBar" >
190-->[com.google.firebase:firebase-auth:21.1.0] AndroidManifest.xml:32:13-72
191            <intent-filter>
191-->[com.google.firebase:firebase-auth:21.1.0] AndroidManifest.xml:33:13-43:29
192                <action android:name="android.intent.action.VIEW" />
192-->[com.google.firebase:firebase-auth:21.1.0] AndroidManifest.xml:34:17-69
192-->[com.google.firebase:firebase-auth:21.1.0] AndroidManifest.xml:34:25-66
193
194                <category android:name="android.intent.category.DEFAULT" />
194-->[com.google.firebase:firebase-auth:21.1.0] AndroidManifest.xml:36:17-76
194-->[com.google.firebase:firebase-auth:21.1.0] AndroidManifest.xml:36:27-73
195                <category android:name="android.intent.category.BROWSABLE" />
195-->[com.google.firebase:firebase-auth:21.1.0] AndroidManifest.xml:37:17-78
195-->[com.google.firebase:firebase-auth:21.1.0] AndroidManifest.xml:37:27-75
196
197                <data
197-->[com.google.firebase:firebase-auth:21.1.0] AndroidManifest.xml:39:17-42:51
198                    android:host="firebase.auth"
198-->[com.google.firebase:firebase-auth:21.1.0] AndroidManifest.xml:40:21-49
199                    android:path="/"
199-->[com.google.firebase:firebase-auth:21.1.0] AndroidManifest.xml:41:21-37
200                    android:scheme="genericidp" />
200-->[com.google.firebase:firebase-auth:21.1.0] AndroidManifest.xml:42:21-48
201            </intent-filter>
202        </activity>
203        <activity
203-->[com.google.firebase:firebase-auth:21.1.0] AndroidManifest.xml:45:9-62:20
204            android:name="com.google.firebase.auth.internal.RecaptchaActivity"
204-->[com.google.firebase:firebase-auth:21.1.0] AndroidManifest.xml:46:13-79
205            android:excludeFromRecents="true"
205-->[com.google.firebase:firebase-auth:21.1.0] AndroidManifest.xml:47:13-46
206            android:exported="true"
206-->[com.google.firebase:firebase-auth:21.1.0] AndroidManifest.xml:48:13-36
207            android:launchMode="singleTask"
207-->[com.google.firebase:firebase-auth:21.1.0] AndroidManifest.xml:49:13-44
208            android:theme="@android:style/Theme.Translucent.NoTitleBar" >
208-->[com.google.firebase:firebase-auth:21.1.0] AndroidManifest.xml:50:13-72
209            <intent-filter>
209-->[com.google.firebase:firebase-auth:21.1.0] AndroidManifest.xml:51:13-61:29
210                <action android:name="android.intent.action.VIEW" />
210-->[com.google.firebase:firebase-auth:21.1.0] AndroidManifest.xml:34:17-69
210-->[com.google.firebase:firebase-auth:21.1.0] AndroidManifest.xml:34:25-66
211
212                <category android:name="android.intent.category.DEFAULT" />
212-->[com.google.firebase:firebase-auth:21.1.0] AndroidManifest.xml:36:17-76
212-->[com.google.firebase:firebase-auth:21.1.0] AndroidManifest.xml:36:27-73
213                <category android:name="android.intent.category.BROWSABLE" />
213-->[com.google.firebase:firebase-auth:21.1.0] AndroidManifest.xml:37:17-78
213-->[com.google.firebase:firebase-auth:21.1.0] AndroidManifest.xml:37:27-75
214
215                <data
215-->[com.google.firebase:firebase-auth:21.1.0] AndroidManifest.xml:39:17-42:51
216                    android:host="firebase.auth"
216-->[com.google.firebase:firebase-auth:21.1.0] AndroidManifest.xml:40:21-49
217                    android:path="/"
217-->[com.google.firebase:firebase-auth:21.1.0] AndroidManifest.xml:41:21-37
218                    android:scheme="recaptcha" />
218-->[com.google.firebase:firebase-auth:21.1.0] AndroidManifest.xml:42:21-48
219            </intent-filter>
220        </activity>
221
222        <provider
222-->[com.google.firebase:firebase-common:20.3.0] AndroidManifest.xml:25:9-30:39
223            android:name="com.google.firebase.provider.FirebaseInitProvider"
223-->[com.google.firebase:firebase-common:20.3.0] AndroidManifest.xml:26:13-77
224            android:authorities="com.example.huda_clinic_mobile.firebaseinitprovider"
224-->[com.google.firebase:firebase-common:20.3.0] AndroidManifest.xml:27:13-72
225            android:directBootAware="true"
225-->[com.google.firebase:firebase-common:20.3.0] AndroidManifest.xml:28:13-43
226            android:exported="false"
226-->[com.google.firebase:firebase-common:20.3.0] AndroidManifest.xml:29:13-37
227            android:initOrder="100" />
227-->[com.google.firebase:firebase-common:20.3.0] AndroidManifest.xml:30:13-36
228
229        <activity
229-->[com.google.android.gms:play-services-base:18.0.1] AndroidManifest.xml:20:9-22:45
230            android:name="com.google.android.gms.common.api.GoogleApiActivity"
230-->[com.google.android.gms:play-services-base:18.0.1] AndroidManifest.xml:20:19-85
231            android:exported="false"
231-->[com.google.android.gms:play-services-base:18.0.1] AndroidManifest.xml:22:19-43
232            android:theme="@android:style/Theme.Translucent.NoTitleBar" />
232-->[com.google.android.gms:play-services-base:18.0.1] AndroidManifest.xml:21:19-78
233
234        <meta-data
234-->[com.google.android.gms:play-services-basement:18.1.0] AndroidManifest.xml:21:9-23:69
235            android:name="com.google.android.gms.version"
235-->[com.google.android.gms:play-services-basement:18.1.0] AndroidManifest.xml:22:13-58
236            android:value="@integer/google_play_services_version" />
236-->[com.google.android.gms:play-services-basement:18.1.0] AndroidManifest.xml:23:13-66
237
238        <uses-library
238-->[androidx.window:window:1.0.0-beta04] AndroidManifest.xml:25:9-27:40
239            android:name="androidx.window.extensions"
239-->[androidx.window:window:1.0.0-beta04] AndroidManifest.xml:26:13-54
240            android:required="false" />
240-->[androidx.window:window:1.0.0-beta04] AndroidManifest.xml:27:13-37
241        <uses-library
241-->[androidx.window:window:1.0.0-beta04] AndroidManifest.xml:28:9-30:40
242            android:name="androidx.window.sidecar"
242-->[androidx.window:window:1.0.0-beta04] AndroidManifest.xml:29:13-51
243            android:required="false" />
243-->[androidx.window:window:1.0.0-beta04] AndroidManifest.xml:30:13-37
244
245        <provider
245-->[androidx.emoji2:emoji2:1.2.0] AndroidManifest.xml:24:9-32:20
246            android:name="androidx.startup.InitializationProvider"
246-->[androidx.emoji2:emoji2:1.2.0] AndroidManifest.xml:25:13-67
247            android:authorities="com.example.huda_clinic_mobile.androidx-startup"
247-->[androidx.emoji2:emoji2:1.2.0] AndroidManifest.xml:26:13-68
248            android:exported="false" >
248-->[androidx.emoji2:emoji2:1.2.0] AndroidManifest.xml:27:13-37
249            <meta-data
249-->[androidx.emoji2:emoji2:1.2.0] AndroidManifest.xml:29:13-31:52
250                android:name="androidx.emoji2.text.EmojiCompatInitializer"
250-->[androidx.emoji2:emoji2:1.2.0] AndroidManifest.xml:30:17-75
251                android:value="androidx.startup" />
251-->[androidx.emoji2:emoji2:1.2.0] AndroidManifest.xml:31:17-49
252            <meta-data
252-->[androidx.lifecycle:lifecycle-process:2.4.1] AndroidManifest.xml:31:13-33:52
253                android:name="androidx.lifecycle.ProcessLifecycleInitializer"
253-->[androidx.lifecycle:lifecycle-process:2.4.1] AndroidManifest.xml:32:17-78
254                android:value="androidx.startup" />
254-->[androidx.lifecycle:lifecycle-process:2.4.1] AndroidManifest.xml:33:17-49
255        </provider>
256    </application>
257
258</manifest>